[03:45:56] [main/INFO]: Loading Minecraft 1.20.1 with Fabric Loader 0.18.4
[03:45:56] [main/INFO]: Loading 4 mods:
	- fabricloader 0.18.4
	   \-- mixinextras 0.5.0
	- java 17
	- minecraft 1.20.1
[03:45:57] [main/INFO]: SpongePowered MIXIN Subsystem Version=0.8.7 Source=file:/workspaces/MSX/servidor_minecraft/libraries/net/fabricmc/sponge-mixin/0.17.0+mixin.0.8.7/sponge-mixin-0.17.0+mixin.0.8.7.jar Service=Knot/Fabric Env=SERVER
[03:46:01] [main/INFO]: Environment: authHost='https://authserver.mojang.com', accountsHost='https://api.mojang.com', sessionHost='https://sessionserver.mojang.com', servicesHost='https://api.minecraftservices.com', name='PROD'
[03:46:03] [main/INFO]: Loaded 7 recipes
[03:46:03] [main/INFO]: Loaded 1271 advancements
[03:46:04] [Server thread/INFO]: Starting minecraft server version 1.20.1
[03:46:04] [Server thread/INFO]: Loading properties
[03:46:04] [Server thread/INFO]: Default game type: SURVIVAL
[03:46:04] [Server thread/INFO]: Generating keypair
[03:46:04] [Server thread/INFO]: Starting Minecraft server on *:25565
[03:46:04] [Server thread/INFO]: Using epoll channel type
[03:46:04] [Server thread/WARN]: **** SERVER IS RUNNING IN OFFLINE/INSECURE MODE!
[03:46:04] [Server thread/WARN]: The server will make no attempt to authenticate usernames. Beware.
[03:46:04] [Server thread/WARN]: While this makes the game possible to play without internet access, it also opens up the ability for hackers to connect with any username they choose.
[03:46:04] [Server thread/WARN]: To change this, set "online-mode" to "true" in the server.properties file.
[03:46:04] [Server thread/INFO]: Preparing level "world"
[03:46:11] [Server thread/INFO]: Preparing start region for dimension minecraft:overworld
[03:46:12] [Worker-Main-2/INFO]: Preparing spawn area: 0%
[03:46:12] [Worker-Main-1/INFO]: Preparing spawn area: 0%
[03:46:12] [Worker-Main-3/INFO]: Preparing spawn area: 0%
[03:46:12] [Worker-Main-3/INFO]: Preparing spawn area: 0%
[03:46:13] [Worker-Main-2/INFO]: Preparing spawn area: 0%
[03:46:13] [Worker-Main-2/INFO]: Preparing spawn area: 0%
[03:46:14] [Worker-Main-2/INFO]: Preparing spawn area: 0%
[03:46:14] [Worker-Main-2/INFO]: Preparing spawn area: 1%
[03:46:15] [Worker-Main-1/INFO]: Preparing spawn area: 2%
[03:46:15] [Worker-Main-1/INFO]: Preparing spawn area: 3%
[03:46:16] [Worker-Main-1/INFO]: Preparing spawn area: 3%
[03:46:16] [Worker-Main-2/INFO]: Preparing spawn area: 4%
[03:46:17] [Worker-Main-1/INFO]: Preparing spawn area: 5%
[03:46:17] [Worker-Main-1/INFO]: Preparing spawn area: 6%
[03:46:18] [Worker-Main-2/INFO]: Preparing spawn area: 7%
[03:46:18] [Worker-Main-3/INFO]: Preparing spawn area: 9%
[03:46:19] [Worker-Main-1/INFO]: Preparing spawn area: 10%
[03:46:19] [Worker-Main-1/INFO]: Preparing spawn area: 12%
[03:46:20] [Worker-Main-2/INFO]: Preparing spawn area: 14%
[03:46:20] [Worker-Main-2/INFO]: Preparing spawn area: 16%
[03:46:21] [Worker-Main-1/INFO]: Preparing spawn area: 17%
[03:46:21] [Worker-Main-2/INFO]: Preparing spawn area: 18%
[03:46:22] [Worker-Main-3/INFO]: Preparing spawn area: 21%
[03:46:22] [Worker-Main-1/INFO]: Preparing spawn area: 23%
[03:46:23] [Worker-Main-3/INFO]: Preparing spawn area: 25%
[03:46:23] [Worker-Main-1/INFO]: Preparing spawn area: 26%
[03:46:24] [Worker-Main-2/INFO]: Preparing spawn area: 28%
[03:46:24] [Worker-Main-1/INFO]: Preparing spawn area: 31%
[03:46:25] [Worker-Main-1/INFO]: Preparing spawn area: 32%
[03:46:25] [Worker-Main-3/INFO]: Preparing spawn area: 34%
[03:46:26] [Worker-Main-1/INFO]: Preparing spawn area: 36%
[03:46:26] [Worker-Main-3/INFO]: Preparing spawn area: 37%
[03:46:27] [Worker-Main-2/INFO]: Preparing spawn area: 40%
[03:46:27] [Worker-Main-2/INFO]: Preparing spawn area: 42%
[03:46:28] [Worker-Main-3/INFO]: Preparing spawn area: 44%
[03:46:28] [Worker-Main-3/INFO]: Preparing spawn area: 46%
[03:46:29] [Worker-Main-3/INFO]: Preparing spawn area: 48%
[03:46:29] [Worker-Main-3/INFO]: Preparing spawn area: 51%
[03:46:30] [Worker-Main-2/INFO]: Preparing spawn area: 54%
[03:46:30] [Worker-Main-3/INFO]: Preparing spawn area: 56%
[03:46:31] [Worker-Main-2/INFO]: Preparing spawn area: 58%
[03:46:31] [Worker-Main-2/INFO]: Preparing spawn area: 61%
[03:46:32] [Worker-Main-2/INFO]: Preparing spawn area: 63%
[03:46:32] [Worker-Main-1/INFO]: Preparing spawn area: 66%
[03:46:33] [Worker-Main-3/INFO]: Preparing spawn area: 69%
[03:46:33] [Worker-Main-3/INFO]: Preparing spawn area: 71%
[03:46:34] [Worker-Main-1/INFO]: Preparing spawn area: 72%
[03:46:34] [Worker-Main-2/INFO]: Preparing spawn area: 75%
[03:46:35] [Worker-Main-3/INFO]: Preparing spawn area: 78%
[03:46:35] [Worker-Main-1/INFO]: Preparing spawn area: 82%
[03:46:36] [Worker-Main-2/INFO]: Preparing spawn area: 84%
[03:46:37] [Worker-Main-1/INFO]: Preparing spawn area: 84%
[03:46:37] [Worker-Main-1/INFO]: Preparing spawn area: 84%
[03:46:37] [Worker-Main-3/INFO]: Preparing spawn area: 86%
[03:46:38] [Worker-Main-3/INFO]: Preparing spawn area: 89%
[03:46:38] [Worker-Main-2/INFO]: Preparing spawn area: 92%
[03:46:39] [Worker-Main-2/INFO]: Preparing spawn area: 95%
[03:46:39] [Worker-Main-1/INFO]: Preparing spawn area: 99%
[03:46:39] [Server thread/INFO]: Time elapsed: 28594 ms
[03:46:39] [Server thread/INFO]: Done (35.143s)! For help, type "help"
[03:47:10] [Server thread/INFO]: Stopping the server
[03:47:10] [Server thread/INFO]: Stopping server
[03:47:10] [Server thread/INFO]: Saving players
[03:47:10] [Server thread/INFO]: Saving worlds
[03:47:11] [Server thread/INFO]: Saving chunks for level 'ServerLevel[world]'/minecraft:overworld
[03:47:14] [Server thread/INFO]: Saving chunks for level 'ServerLevel[world]'/minecraft:the_end
[03:47:14] [Server thread/INFO]: Saving chunks for level 'ServerLevel[world]'/minecraft:the_nether
[03:47:14] [Server thread/INFO]: ThreadedAnvilChunkStorage (world): All chunks are saved
[03:47:14] [Server thread/INFO]: ThreadedAnvilChunkStorage (DIM1): All chunks are saved
[03:47:14] [Server thread/INFO]: ThreadedAnvilChunkStorage (DIM-1): All chunks are saved
[03:47:14] [Server thread/INFO]: ThreadedAnvilChunkStorage: All dimensions are saved
